[INFO] Scanning for projects...
[INFO] 
[INFO] ----------------------< ma.fstg:gestion-projets >-----------------------
[INFO] Building SystΦme de Gestion de Projets 3.5.12-SNAPSHOT
[INFO]   from pom.xml
[INFO] --------------------------------[ jar ]---------------------------------
[INFO] 
[INFO] >>> spring-boot:3.5.12-SNAPSHOT:run (default-cli) > test-compile @ gestion-projets >>>
[INFO] 
[INFO] --- resources:3.3.1:resources (default-resources) @ gestion-projets ---
[INFO] Copying 1 resource from src\main\resources to target\classes
[INFO] Copying 0 resource from src\main\resources to target\classes
[INFO] 
[INFO] --- compiler:3.14.1:compile (default-compile) @ gestion-projets ---
[INFO] Nothing to compile - all classes are up to date.
[INFO] 
[INFO] --- resources:3.3.1:testResources (default-testResources) @ gestion-projets ---
[INFO] skip non existing resourceDirectory C:\Users\lucif\OneDrive\Desktop\gestion-projets\src\test\resources
[INFO] 
[INFO] --- compiler:3.14.1:testCompile (default-testCompile) @ gestion-projets ---
[INFO] Nothing to compile - all classes are up to date.
[INFO] 
[INFO] <<< spring-boot:3.5.12-SNAPSHOT:run (default-cli) < test-compile @ gestion-projets <<<
[INFO] 
[INFO] 
[INFO] --- spring-boot:3.5.12-SNAPSHOT:run (default-cli) @ gestion-projets ---
[INFO] Attaching agents: []

  .   ____          _            __ _ _
 /\\ / ___'_ __ _ _(_)_ __  __ _ \ \ \ \
( ( )\___ | '_ | '_| | '_ \/ _` | \ \ \ \
 \\/  ___)| |_)| | | | | || (_| |  ) ) ) )
  '  |____| .__|_| |_|_| |_\__, | / / / /
 =========|_|==============|___/=/_/_/_/

 :: Spring Boot ::      (v3.5.12-SNAPSHOT)

2026-04-09T10:04:28.736+01:00  INFO 2968 --- [  restartedMain] m.f.g.GestionprojetsApplication          : Starting GestionprojetsApplication using Java 17.0.16 with PID 2968 (C:\Users\lucif\OneDrive\Desktop\gestion-projets\target\classes started by lucif in C:\Users\lucif\OneDrive\Desktop\gestion-projets)
2026-04-09T10:04:28.738+01:00 DEBUG 2968 --- [  restartedMain] m.f.g.GestionprojetsApplication          : Running with Spring Boot v3.5.12-SNAPSHOT, Spring v6.2.17
2026-04-09T10:04:28.739+01:00  INFO 2968 --- [  restartedMain] m.f.g.GestionprojetsApplication          : No active profile set, falling back to 1 default profile: "default"
2026-04-09T10:04:28.793+01:00  INFO 2968 --- [  restartedMain] .e.DevToolsPropertyDefaultsPostProcessor : Devtools property defaults active! Set 'spring.devtools.add-properties' to 'false' to disable
2026-04-09T10:04:28.793+01:00  INFO 2968 --- [  restartedMain] .e.DevToolsPropertyDefaultsPostProcessor : For additional web related logging consider setting the 'logging.level.web' property to 'DEBUG'
2026-04-09T10:04:29.965+01:00  INFO 2968 --- [  restartedMain] .s.d.r.c.RepositoryConfigurationDelegate : Bootstrapping Spring Data JPA repositories in DEFAULT mode.
2026-04-09T10:04:30.161+01:00  INFO 2968 --- [  restartedMain] .s.d.r.c.RepositoryConfigurationDelegate : Finished Spring Data repository scanning in 181 ms. Found 11 JPA repository interfaces.
2026-04-09T10:04:30.941+01:00  INFO 2968 --- [  restartedMain] o.s.b.w.embedded.tomcat.TomcatWebServer  : Tomcat initialized with port 8081 (http)
2026-04-09T10:04:30.953+01:00  INFO 2968 --- [  restartedMain] o.apache.catalina.core.StandardService   : Starting service [Tomcat]
2026-04-09T10:04:30.954+01:00  INFO 2968 --- [  restartedMain] o.apache.catalina.core.StandardEngine    : Starting Servlet engine: [Apache Tomcat/10.1.52]
2026-04-09T10:04:31.019+01:00  INFO 2968 --- [  restartedMain] o.a.c.c.C.[Tomcat].[localhost].[/]       : Initializing Spring embedded WebApplicationContext
2026-04-09T10:04:31.020+01:00  INFO 2968 --- [  restartedMain] w.s.c.ServletWebServerApplicationContext : Root WebApplicationContext: initialization completed in 2226 ms
2026-04-09T10:04:31.187+01:00  INFO 2968 --- [  restartedMain] o.hibernate.jpa.internal.util.LogHelper  : HHH000204: Processing PersistenceUnitInfo [name: default]
2026-04-09T10:04:31.232+01:00  INFO 2968 --- [  restartedMain] org.hibernate.Version                    : HHH000412: Hibernate ORM core version 6.6.44.Final
2026-04-09T10:04:31.260+01:00  INFO 2968 --- [  restartedMain] o.h.c.internal.RegionFactoryInitiator    : HHH000026: Second-level cache disabled
2026-04-09T10:04:31.601+01:00  INFO 2968 --- [  restartedMain] o.s.o.j.p.SpringPersistenceUnitInfo      : No LoadTimeWeaver setup: ignoring JPA class transformer
2026-04-09T10:04:31.633+01:00  INFO 2968 --- [  restartedMain] com.zaxxer.hikari.HikariDataSource       : HikariPool-1 - Starting...
2026-04-09T10:04:31.824+01:00  INFO 2968 --- [  restartedMain] com.zaxxer.hikari.pool.HikariPool        : HikariPool-1 - Added connection com.mysql.cj.jdbc.ConnectionImpl@41f4ac67
2026-04-09T10:04:31.825+01:00  INFO 2968 --- [  restartedMain] com.zaxxer.hikari.HikariDataSource       : HikariPool-1 - Start completed.
2026-04-09T10:04:31.866+01:00  WARN 2968 --- [  restartedMain] org.hibernate.dialect.Dialect            : HHH000511: The 5.5.5 version for [org.hibernate.dialect.MySQLDialect] is no longer supported, hence certain features may not work properly. The minimum supported version is 8.0.0. Check the community dialects project for available legacy versions.
2026-04-09T10:04:31.872+01:00  WARN 2968 --- [  restartedMain] org.hibernate.orm.deprecation            : HHH90000025: MySQLDialect does not need to be specified explicitly using 'hibernate.dialect' (remove the property setting and it will be selected by default)
2026-04-09T10:04:31.894+01:00  INFO 2968 --- [  restartedMain] org.hibernate.orm.connections.pooling    : HHH10001005: Database info:
	Database JDBC URL [Connecting through datasource 'HikariDataSource (HikariPool-1)']
	Database driver: undefined/unknown
	Database version: 5.5.5
	Autocommit mode: undefined/unknown
	Isolation level: undefined/unknown
	Minimum pool size: undefined/unknown
	Maximum pool size: undefined/unknown
2026-04-09T10:04:33.366+01:00  INFO 2968 --- [  restartedMain] o.h.e.t.j.p.i.JtaPlatformInitiator       : HHH000489: No JTA platform available (set 'hibernate.transaction.jta.platform' to enable JTA platform integration)
Hibernate: 
    alter table factures 
       modify column statut enum ('ANNULEE','EMISE','EN_ATTENTE','PAYEE')
Hibernate: 
    alter table projets 
       modify column statut enum ('ANNULE','CLOTURE','EN_COURS','SUSPENDU')
2026-04-09T10:04:33.552+01:00  INFO 2968 --- [  restartedMain] j.LocalContainerEntityManagerFactoryBean : Initialized JPA EntityManagerFactory for persistence unit 'default'
2026-04-09T10:04:33.911+01:00  INFO 2968 --- [  restartedMain] o.s.d.j.r.query.QueryEnhancerFactory     : Hibernate is in classpath; If applicable, HQL parser will be used.
2026-04-09T10:04:34.428+01:00 DEBUG 2968 --- [  restartedMain] m.f.g.security.JwtAuthFilter             : Filter 'jwtAuthFilter' configured for use
2026-04-09T10:04:34.684+01:00  INFO 2968 --- [  restartedMain] eAuthenticationProviderManagerConfigurer : Global AuthenticationManager configured with AuthenticationProvider bean with name authProvider
2026-04-09T10:04:34.685+01:00  WARN 2968 --- [  restartedMain] r$InitializeUserDetailsManagerConfigurer : Global AuthenticationManager configured with an AuthenticationProvider bean. UserDetailsService beans will not be used by Spring Security for automatically configuring username/password login. Consider removing the AuthenticationProvider bean. Alternatively, consider using the UserDetailsService in a manually instantiated DaoAuthenticationProvider. If the current configuration is intentional, to turn off this warning, increase the logging level of 'org.springframework.security.config.annotation.authentication.configuration.InitializeUserDetailsBeanManagerConfigurer' to ERROR
2026-04-09T10:04:35.657+01:00  WARN 2968 --- [  restartedMain] o.s.b.d.a.OptionalLiveReloadServer       : Unable to start LiveReload server
2026-04-09T10:04:35.675+01:00  WARN 2968 --- [  restartedMain] ConfigServletWebServerApplicationContext : Exception encountered during context initialization - cancelling refresh attempt: org.springframework.context.ApplicationContextException: Failed to start bean 'webServerStartStop'
2026-04-09T10:04:35.677+01:00  INFO 2968 --- [  restartedMain] j.LocalContainerEntityManagerFactoryBean : Closing JPA EntityManagerFactory for persistence unit 'default'
2026-04-09T10:04:35.679+01:00  INFO 2968 --- [  restartedMain] com.zaxxer.hikari.HikariDataSource       : HikariPool-1 - Shutdown initiated...
2026-04-09T10:04:35.685+01:00  INFO 2968 --- [  restartedMain] com.zaxxer.hikari.HikariDataSource       : HikariPool-1 - Shutdown completed.
2026-04-09T10:04:35.698+01:00  INFO 2968 --- [  restartedMain] .s.b.a.l.ConditionEvaluationReportLogger : 

Error starting ApplicationContext. To display the condition evaluation report re-run your application with 'debug' enabled.
2026-04-09T10:04:35.713+01:00 ERROR 2968 --- [  restartedMain] o.s.b.d.LoggingFailureAnalysisReporter   : 

***************************
APPLICATION FAILED TO START
***************************

Description:

Web server failed to start. Port 8081 was already in use.

Action:

Identify and stop the process that's listening on port 8081 or configure this application to listen on another port.

[INFO] ------------------------------------------------------------------------
[INFO] BUILD SUCCESS
[INFO] ------------------------------------------------------------------------
[INFO] Total time:  11.734 s
[INFO] Finished at: 2026-04-09T10:04:35+01:00
[INFO] ------------------------------------------------------------------------
